front_end/android/mapping/release/mapping.txt
# compiler: R8
# compiler_version: 3.2.60
# min_api: 22
# common_typos_disable
# {"id":"com.android.tools.r8.mapping","version":"2.0"}
# pg_map_id: e257e6e
# pg_map_hash: SHA-256 e257e6e9cef0e734e81164fa14d25308829abee55c4b0445eda07267824b0cf7
...
com.google.firebase.auth.zzb -> com.google.firebase.auth.x0:
com.google.firebase.auth.zzc -> com.google.firebase.auth.y0:
com.google.firebase.auth.zzd -> com.google.firebase.auth.z0:
com.google.firebase.auth.zze -> com.google.firebase.auth.a1:
    java.lang.String zze -> g
    com.google.android.gms.internal.firebase-auth-api.zzxe zzd -> f
    java.lang.String zzg -> i
    java.lang.String zzf -> h
    java.lang.String zza -> c
    java.lang.String zzc -> e
    java.lang.String zzb -> d
    java.lang.String getProvider() -> J
    com.google.firebase.auth.AuthCredential zza() -> K
    java.lang.String getAccessToken() -> L
    java.lang.String getIdToken() -> M
    java.lang.String getSecret() -> N
    com.google.firebase.auth.zze zzb(com.google.android.gms.internal.firebase-auth-api.zzxe) -> O
    com.google.firebase.auth.zze zzc(java.lang.String,java.lang.String,java.lang.String,java.lang.String,java.lang.String) -> P
    com.google.android.gms.internal.firebase-auth-api.zzxe zzd(com.google.firebase.auth.zze,java.lang.String) -> Q
com.google.firebase.auth.zzf -> com.google.firebase.auth.b1:
com.google.firebase.auth.zzg -> com.google.firebase.auth.c1:
com.google.firebase.auth.zzh -> com.google.firebase.auth.d1:
com.google.firebase.auth.zzl -> com.google.firebase.auth.e1:
    com.google.firebase.auth.FirebaseAuth zzb -> d
    com.google.firebase.auth.FirebaseAuth$AuthStateListener zza -> c
com.google.firebase.auth.zzm -> com.google.firebase.auth.f1:
    com.google.firebase.auth.FirebaseAuth zza -> c
    com.google.firebase.internal.InternalTokenResult zzb -> d
com.google.firebase.auth.zzn -> com.google.firebase.auth.g1:
    com.google.firebase.auth.FirebaseAuth zza -> c
com.google.firebase.auth.zzo -> com.google.firebase.auth.h1:
    com.google.firebase.auth.FirebaseAuth zza -> a
    void zzb(com.google.android.gms.common.api.Status) -> a
    void zza(com.google.android.gms.internal.firebase-auth-api.zzwe,com.google.firebase.auth.FirebaseUser) -> b
com.google.firebase.auth.zzp -> com.google.firebase.auth.i1:
    android.app.Activity zze -> e
    com.google.firebase.auth.PhoneAuthProvider$OnVerificationStateChangedCallbacks zzd -> d
    com.google.firebase.auth.FirebaseAuth zzh -> h
    long zzb -> b
    java.lang.String zza -> a
    boolean zzg -> g
    java.util.concurrent.Executor zzf -> f
    java.util.concurrent.TimeUnit zzc -> c
    void onComplete(com.google.android.gms.tasks.Task) -> a
com.google.firebase.auth.zzq -> com.google.firebase.auth.j1:
    com.google.firebase.auth.PhoneAuthOptions zza -> a
    com.google.firebase.auth.FirebaseAuth zzb -> b
    void onComplete(com.google.android.gms.tasks.Task) -> a
com.google.firebase.auth.zzr -> com.google.firebase.auth.k1:
    com.google.firebase.auth.PhoneAuthProvider$OnVerificationStateChangedCallbacks zza -> b
    com.google.firebase.auth.FirebaseAuth zzb -> c
    void onCodeAutoRetrievalTimeOut(java.lang.String) -> a
    void onCodeSent(java.lang.String,com.google.firebase.auth.PhoneAuthProvider$ForceResendingToken) -> b
    void onVerificationCompleted(com.google.firebase.auth.PhoneAuthCredential) -> c
    void onVerificationFailed(com.google.firebase.FirebaseException) -> d
com.google.firebase.auth.zzs -> com.google.firebase.auth.l1:
    com.google.firebase.auth.FirebaseAuth zza -> a
    void zza(com.google.android.gms.internal.firebase-auth-api.zzwe,com.google.firebase.auth.FirebaseUser) -> b
com.google.firebase.auth.zzt -> com.google.firebase.auth.m1:
    com.google.firebase.auth.FirebaseAuth zza -> a
    void zzb(com.google.android.gms.common.api.Status) -> a
    void zza(com.google.android.gms.internal.firebase-auth-api.zzwe,com.google.firebase.auth.FirebaseUser) -> b
com.google.firebase.auth.zzv -> com.google.firebase.auth.n1:
    com.google.firebase.auth.zzv zza -> a
    java.lang.Object create(com.google.firebase.components.ComponentContainer) -> a